<?xml version="1.0" encoding="UTF-8"?>
<testng-results ignored="0" total="2" passed="2" failed="0" skipped="0">
  <reporter-output>
  </reporter-output>
  <suite started-at="2022-08-24T03:28:49Z" name="Default suite" finished-at="2022-08-24T03:28:50Z" duration-ms="1041">
    <groups>
      <group name="cucumber">
        <method signature="AbstractTestNGCucumberTests.runScenario(io.cucumber.testng.PickleWrapper, io.cucumber.testng.FeatureWrapper)[pri:0, instance:Runner.RunnerClass@7ef82753]" name="runScenario" class="io.cucumber.testng.AbstractTestNGCucumberTests"/>
      </group> <!-- cucumber -->
    </groups>
    <test started-at="2022-08-24T03:28:49Z" name="Default test" finished-at="2022-08-24T03:28:50Z" duration-ms="1041">
      <class name="Runner.RunnerClass">
        <test-method is-config="true" signature="setUpClass()[pri:0, instance:Runner.RunnerClass@7ef82753]" started-at="2022-08-24T03:28:49Z" name="setUpClass" finished-at="2022-08-24T03:28:49Z" duration-ms="632" status="PASS">
          <reporter-output>
          </reporter-output>
        </test-method> <!-- setUpClass -->
        <test-method signature="runScenario(io.cucumber.testng.PickleWrapper, io.cucumber.testng.FeatureWrapper)[pri:0, instance:Runner.RunnerClass@7ef82753]" started-at="2022-08-24T03:28:49Z" name="runScenario" description="Runs Cucumber Scenarios" data-provider="scenarios" finished-at="2022-08-24T03:28:50Z" duration-ms="297" status="PASS">
          <params>
            <param index="0">
              <value>
                <![CDATA["To checks HooksConcept"]]>
              </value>
            </param>
            <param index="1">
              <value>
                <![CDATA["Optional[Hooks]"]]>
              </value>
            </param>
          </params>
          <reporter-output>
          </reporter-output>
        </test-method> <!-- runScenario -->
        <test-method signature="runScenario(io.cucumber.testng.PickleWrapper, io.cucumber.testng.FeatureWrapper)[pri:0, instance:Runner.RunnerClass@7ef82753]" started-at="2022-08-24T03:28:50Z" name="runScenario" description="Runs Cucumber Scenarios" data-provider="scenarios" finished-at="2022-08-24T03:28:50Z" duration-ms="34" status="PASS">
          <params>
            <param index="0">
              <value>
                <![CDATA["To verify the login functionality"]]>
              </value>
            </param>
            <param index="1">
              <value>
                <![CDATA["Optional[Login Page feature]"]]>
              </value>
            </param>
          </params>
          <reporter-output>
          </reporter-output>
        </test-method> <!-- runScenario -->
        <test-method is-config="true" signature="tearDownClass()[pri:0, instance:Runner.RunnerClass@7ef82753]" started-at="2022-08-24T03:28:50Z" name="tearDownClass" finished-at="2022-08-24T03:28:50Z" duration-ms="24" status="PASS">
          <reporter-output>
          </reporter-output>
        </test-method> <!-- tearDownClass -->
      </class> <!-- Runner.RunnerClass -->
    </test> <!-- Default test -->
  </suite> <!-- Default suite -->
</testng-results>
